<?xml version="1.0" encoding="UTF-8"?>
<!-- Generated by org.testng.reporters.JUnitXMLReporter -->
<testsuite ignored="2" hostname="SAINATH-ENVY360" failures="0" tests="1" name="Test" time="25.373" errors="0" timestamp="2022-11-18T17:56:27 GMT">
  <testcase classname="testClasses.FirstTestClass" name="accessTest" time="0.004"/>
  <testcase classname="automationbase.AutomationBase" name="@BeforeTest setUp" time="0.0">
    <ignored/>
  </testcase> <!-- @BeforeTest setUp -->
  <testcase classname="automationbase.AutomationBase" name="@AfterTest tearDown" time="0.0">
    <ignored/>
  </testcase> <!-- @AfterTest tearDown -->
</testsuite> <!-- Test -->
