<?xml version="1.0" encoding="UTF-8"?>
<!-- Generated by org.testng.reporters.JUnitXMLReporter -->
<testsuite ignored="2" hostname="SAINATH-ENVY360" failures="0" tests="1" name="DSS Test" time="16.22" errors="0" timestamp="2022-11-19T00:49:27 GMT">
  <testcase classname="testClasses.FirstTestClass" name="accessTest" time="0.054"/>
  <testcase classname="automationbase.AutomationBase" name="@AfterTest tearDown" time="0.0">
    <ignored/>
  </testcase> <!-- @AfterTest tearDown -->
  <testcase classname="automationbase.AutomationBase" name="@BeforeTest setUp" time="0.0">
    <ignored/>
  </testcase> <!-- @BeforeTest setUp -->
</testsuite> <!-- DSS Test -->
